<?xml version="1.0" encoding="UTF-8"?>
<!-- Generated by org.testng.reporters.JUnitReportReporter -->
<testsuite hostname="LAPTOP-E196CRD0" failures="0" tests="1" name="traveler.Booking.ListOfPropertiesPage" time="6.575" errors="0" timestamp="2021-12-03T10:16:26 IST" skipped="0">
  <testcase classname="traveler.Booking.ListOfPropertiesPage" name="TC_ListOfProperties_001" time="6.575"/>
  <system-out/>
</testsuite> <!-- traveler.Booking.ListOfPropertiesPage -->
