<?xml version="1.0" encoding="UTF-8"?>
<!-- Generated by org.testng.reporters.JUnitReportReporter -->
<testsuite hostname="LAPTOP-E196CRD0" failures="0" tests="2" name="traveler.Booking.mapCabsHomePage" time="67.900" errors="0" timestamp="2021-12-03T17:05:00 IST" skipped="0">
  <testcase classname="traveler.Booking.mapCabsHomePage" name="TC_FooterBrokenLinkCheck" time="0.010"/>
  <system-out/>
  <testcase classname="traveler.Booking.mapCabsHomePage" name="TC_ListOfFooter_001" time="67.890"/>
  <system-out/>
</testsuite> <!-- traveler.Booking.mapCabsHomePage -->
