<?xml version="1.0" encoding="UTF-8"?>
<!-- Generated by org.testng.reporters.JUnitReportReporter -->
<testsuite hostname="LAPTOP-E196CRD0" failures="0" tests="1" name="radioButton.checkBoxHandling" time="9.747" errors="0" timestamp="2021-12-01T23:22:18 IST" skipped="0">
  <testcase classname="radioButton.checkBoxHandling" name="checkboxClick" time="9.747"/>
  <system-out/>
</testsuite> <!-- radioButton.checkBoxHandling -->
