<?xml version="1.0" encoding="UTF-8"?>
<!-- Generated by org.testng.reporters.JUnitReportReporter -->
<testsuite hostname="LAPTOP-E196CRD0" failures="0" tests="2" name="com.practice.testData.ContactMain" time="10.451" errors="0" timestamp="2021-11-26T11:21:25 IST" skipped="0">
  <testcase classname="com.practice.testData.ContactMain" name="webConnection" time="7.865"/>
  <system-out/>
  <testcase classname="com.practice.testData.ContactMain" name="driverLocalConnection" time="2.586"/>
  <system-out/>
</testsuite> <!-- com.practice.testData.ContactMain -->
