<?xml version="1.0" encoding="UTF-8"?>
<!-- Generated by org.testng.reporters.JUnitReportReporter -->
<testsuite hostname="DESKTOP-1KRJ6GT" failures="0" tests="2" name="com.practice.testData.ContactMain" time="27.224" errors="0" timestamp="2021-12-15T23:18:47 EST" skipped="0">
  <testcase classname="com.practice.testData.ContactMain" name="driverLocalConnection" time="6.012"/>
  <system-out/>
  <testcase classname="com.practice.testData.ContactMain" name="webConnection" time="21.212"/>
  <system-out/>
</testsuite> <!-- com.practice.testData.ContactMain -->
